This is pdfTeX, Version 3.1415926-1.40.11 (MiKTeX 2.9) (preloaded format=pdflatex 2012.3.27)  13 DEC 2012 11:00
entering extended mode
**C:/Users/nishant/Desktop/SelforganizedCriticality/Forest-Fire-SOC/doc/latex/r
eport.tex

(C:/Users/nishant/Desktop/SelforganizedCriticality/Forest-Fire-SOC/doc/latex/re
port.tex
LaTeX2e <2009/09/24>
Babel <v3.8l> and hyphenation patterns for english, afrikaans, ancientgreek, ar
abic, armenian, assamese, basque, bengali, bokmal, bulgarian, catalan, coptic, 
croatian, czech, danish, dutch, esperanto, estonian, farsi, finnish, french, ga
lician, german, german-x-2009-06-19, greek, gujarati, hindi, hungarian, iceland
ic, indonesian, interlingua, irish, italian, kannada, kurmanji, lao, latin, lat
vian, lithuanian, malayalam, marathi, mongolian, mongolianlmc, monogreek, ngerm
an, ngerman-x-2009-06-19, nynorsk, oriya, panjabi, pinyin, polish, portuguese, 
romanian, russian, sanskrit, serbian, slovak, slovenian, spanish, swedish, swis
sgerman, tamil, telugu, turkish, turkmen, ukenglish, ukrainian, uppersorbian, u
senglishmax, welsh, loaded.
("C:\Program Files\MiKTeX 2.9\tex\latex\base\article.cls"
Document Class: article 2007/10/19 v1.4h Standard LaTeX document class
("C:\Program Files\MiKTeX 2.9\tex\latex\base\size11.clo"
File: size11.clo 2007/10/19 v1.4h Standard LaTeX file (size option)
)
\c@part=\count79
\c@section=\count80
\c@subsection=\count81
\c@subsubsection=\count82
\c@paragraph=\count83
\c@subparagraph=\count84
\c@figure=\count85
\c@table=\count86
\abovecaptionskip=\skip41
\belowcaptionskip=\skip42
\bibindent=\dimen102
)
("C:\Program Files\MiKTeX 2.9\tex\latex\geometry\geometry.sty"
Package: geometry 2010/09/12 v5.6 Page Geometry

("C:\Program Files\MiKTeX 2.9\tex\latex\graphics\keyval.sty"
Package: keyval 1999/03/16 v1.13 key=value parser (DPC)
\KV@toks@=\toks14
)
("C:\Program Files\MiKTeX 2.9\tex\generic\oberdiek\ifpdf.sty"
Package: ifpdf 2011/01/30 v2.3 Provides the ifpdf switch (HO)
Package ifpdf Info: pdfTeX in PDF mode is detected.
)
("C:\Program Files\MiKTeX 2.9\tex\generic\oberdiek\ifvtex.sty"
Package: ifvtex 2010/03/01 v1.5 Switches for detecting VTeX and its modes (HO)
Package ifvtex Info: VTeX not detected.
)
("C:\Program Files\MiKTeX 2.9\tex\generic\ifxetex\ifxetex.sty"
Package: ifxetex 2010/09/12 v0.6 Provides ifxetex conditional
)
\Gm@cnth=\count87
\Gm@cntv=\count88
\c@Gm@tempcnt=\count89
\Gm@bindingoffset=\dimen103
\Gm@wd@mp=\dimen104
\Gm@odd@mp=\dimen105
\Gm@even@mp=\dimen106
\Gm@layoutwidth=\dimen107
\Gm@layoutheight=\dimen108
\Gm@layouthoffset=\dimen109
\Gm@layoutvoffset=\dimen110
\Gm@dimlist=\toks15

("C:\Program Files\MiKTeX 2.9\tex\latex\geometry\geometry.cfg"))
("C:\Program Files\MiKTeX 2.9\tex\latex\graphics\graphicx.sty"
Package: graphicx 1999/02/16 v1.0f Enhanced LaTeX Graphics (DPC,SPQR)

("C:\Program Files\MiKTeX 2.9\tex\latex\graphics\graphics.sty"
Package: graphics 2009/02/05 v1.0o Standard LaTeX Graphics (DPC,SPQR)

("C:\Program Files\MiKTeX 2.9\tex\latex\graphics\trig.sty"
Package: trig 1999/03/16 v1.09 sin cos tan (DPC)
)
("C:\Program Files\MiKTeX 2.9\tex\latex\00miktex\graphics.cfg"
File: graphics.cfg 2007/01/18 v1.5 graphics configuration of teTeX/TeXLive
)
Package graphics Info: Driver file: pdftex.def on input line 91.

("C:\Program Files\MiKTeX 2.9\tex\latex\pdftex-def\pdftex.def"
File: pdftex.def 2011/04/25 v0.06b Graphics/color for pdfTeX

("C:\Program Files\MiKTeX 2.9\tex\generic\oberdiek\infwarerr.sty"
Package: infwarerr 2010/04/08 v1.3 Providing info/warning/message (HO)
)
("C:\Program Files\MiKTeX 2.9\tex\generic\oberdiek\ltxcmds.sty"
Package: ltxcmds 2011/04/18 v1.20 LaTeX kernel commands for general use (HO)
)
\Gread@gobject=\count90
))
\Gin@req@height=\dimen111
\Gin@req@width=\dimen112
)
("C:\Program Files\MiKTeX 2.9\tex\latex\amsfonts\amssymb.sty"
Package: amssymb 2009/06/22 v3.00

("C:\Program Files\MiKTeX 2.9\tex\latex\amsfonts\amsfonts.sty"
Package: amsfonts 2009/06/22 v3.00 Basic AMSFonts support
\@emptytoks=\toks16
\symAMSa=\mathgroup4
\symAMSb=\mathgroup5
LaTeX Font Info:    Overwriting math alphabet `\mathfrak' in version `bold'
(Font)                  U/euf/m/n --> U/euf/b/n on input line 96.
))
("C:\Program Files\MiKTeX 2.9\tex\latex\oberdiek\epstopdf.sty"
Package: epstopdf 2010/02/09 v2.5 Conversion with epstopdf on the fly (HO)

("C:\Program Files\MiKTeX 2.9\tex\latex\oberdiek\epstopdf-base.sty"
Package: epstopdf-base 2010/02/09 v2.5 Base part for package epstopdf

("C:\Program Files\MiKTeX 2.9\tex\latex\oberdiek\grfext.sty"
Package: grfext 2010/08/19 v1.1 Managing graphics extensions (HO)

("C:\Program Files\MiKTeX 2.9\tex\generic\oberdiek\kvdefinekeys.sty"
Package: kvdefinekeys 2011/04/07 v1.3 Defining keys (HO)
))
("C:\Program Files\MiKTeX 2.9\tex\latex\oberdiek\kvoptions.sty"
Package: kvoptions 2010/12/23 v3.10 Keyval support for LaTeX options (HO)

("C:\Program Files\MiKTeX 2.9\tex\generic\oberdiek\kvsetkeys.sty"
Package: kvsetkeys 2011/04/07 v1.13 Key value parser (HO)

("C:\Program Files\MiKTeX 2.9\tex\generic\oberdiek\etexcmds.sty"
Package: etexcmds 2011/02/16 v1.5 Prefix for e-TeX command names (HO)

("C:\Program Files\MiKTeX 2.9\tex\generic\oberdiek\ifluatex.sty"
Package: ifluatex 2010/03/01 v1.3 Provides the ifluatex switch (HO)
Package ifluatex Info: LuaTeX not detected.
)
Package etexcmds Info: Could not find \expanded.
(etexcmds)             That can mean that you are not using pdfTeX 1.50 or
(etexcmds)             that some package has redefined \expanded.
(etexcmds)             In the latter case, load this package earlier.
)))
("C:\Program Files\MiKTeX 2.9\tex\generic\oberdiek\pdftexcmds.sty"
Package: pdftexcmds 2011/04/22 v0.16 Utilities of pdfTeX for LuaTeX (HO)
Package pdftexcmds Info: LuaTeX not detected.
Package pdftexcmds Info: \pdf@primitive is available.
Package pdftexcmds Info: \pdf@ifprimitive is available.
Package pdftexcmds Info: \pdfdraftmode found.
)
Package grfext Info: Graphics extension search list:
(grfext)             [.png,.pdf,.jpg,.mps,.jpeg,.jbig2,.jb2,.PNG,.PDF,.JPG,.JPE
G,.JBIG2,.JB2,.eps]
(grfext)             \AppendGraphicsExtensions on input line 452.
))
(C:\Users\nishant\AppData\Roaming\MiKTeX\2.9\tex\latex\natbib\natbib.sty
Package: natbib 2010/09/13 8.31b (PWD, AO)
\bibhang=\skip43
\bibsep=\skip44
LaTeX Info: Redefining \cite on input line 694.
\c@NAT@ctr=\count91
)
("C:\Program Files\MiKTeX 2.9\tex\latex\ams\math\amsmath.sty"
Package: amsmath 2000/07/18 v2.13 AMS math features
\@mathmargin=\skip45

For additional information on amsmath, use the `?' option.
("C:\Program Files\MiKTeX 2.9\tex\latex\ams\math\amstext.sty"
Package: amstext 2000/06/29 v2.01

("C:\Program Files\MiKTeX 2.9\tex\latex\ams\math\amsgen.sty"
File: amsgen.sty 1999/11/30 v2.0
\@emptytoks=\toks17
\ex@=\dimen113
))
("C:\Program Files\MiKTeX 2.9\tex\latex\ams\math\amsbsy.sty"
Package: amsbsy 1999/11/29 v1.2d
\pmbraise@=\dimen114
)
("C:\Program Files\MiKTeX 2.9\tex\latex\ams\math\amsopn.sty"
Package: amsopn 1999/12/14 v2.01 operator names
)
\inf@bad=\count92
LaTeX Info: Redefining \frac on input line 211.
\uproot@=\count93
\leftroot@=\count94
LaTeX Info: Redefining \overline on input line 307.
\classnum@=\count95
\DOTSCASE@=\count96
LaTeX Info: Redefining \ldots on input line 379.
LaTeX Info: Redefining \dots on input line 382.
LaTeX Info: Redefining \cdots on input line 467.
\Mathstrutbox@=\box26
\strutbox@=\box27
\big@size=\dimen115
LaTeX Font Info:    Redeclaring font encoding OML on input line 567.
LaTeX Font Info:    Redeclaring font encoding OMS on input line 568.
\macc@depth=\count97
\c@MaxMatrixCols=\count98
\dotsspace@=\muskip10
\c@parentequation=\count99
\dspbrk@lvl=\count100
\tag@help=\toks18
\row@=\count101
\column@=\count102
\maxfields@=\count103
\andhelp@=\toks19
\eqnshift@=\dimen116
\alignsep@=\dimen117
\tagshift@=\dimen118
\tagwidth@=\dimen119
\totwidth@=\dimen120
\lineht@=\dimen121
\@envbody=\toks20
\multlinegap=\skip46
\multlinetaggap=\skip47
\mathdisplay@stack=\toks21
LaTeX Info: Redefining \[ on input line 2666.
LaTeX Info: Redefining \] on input line 2667.
)
("C:\Program Files\MiKTeX 2.9\tex\latex\float\float.sty"
Package: float 2001/11/08 v1.3d Float enhancements (AL)
\c@float@type=\count104
\float@exts=\toks22
\float@box=\box28
\@float@everytoks=\toks23
\@floatcapt=\box29
)
(C:\Users\nishant\Desktop\SelforganizedCriticality\Forest-Fire-SOC\doc\latex\re
port.aux

! Package natbib Error: Bibliography not compatible with author-year citations.

(natbib)                Press <return> to continue in numerical citation style.


See the natbib package documentation for explanation.
Type  H <return>  for immediate help.
 ...                                              
                                                  
l.47 ...mand\NAT@force@numbers{}\NAT@force@numbers
                                                  
Check the bibliography entries for non-compliant syntax,
or select author-year BibTeX style, e.g. plainnat

)
LaTeX Font Info:    Checking defaults for OML/cmm/m/it on input line 32.
LaTeX Font Info:    ... okay on input line 32.
LaTeX Font Info:    Checking defaults for T1/cmr/m/n on input line 32.
LaTeX Font Info:    ... okay on input line 32.
LaTeX Font Info:    Checking defaults for OT1/cmr/m/n on input line 32.
LaTeX Font Info:    ... okay on input line 32.
LaTeX Font Info:    Checking defaults for OMS/cmsy/m/n on input line 32.
LaTeX Font Info:    ... okay on input line 32.
LaTeX Font Info:    Checking defaults for OMX/cmex/m/n on input line 32.
LaTeX Font Info:    ... okay on input line 32.
LaTeX Font Info:    Checking defaults for U/cmr/m/n on input line 32.
LaTeX Font Info:    ... okay on input line 32.

*geometry* driver: auto-detecting
*geometry* detected driver: pdftex
*geometry* verbose mode - [ preamble ] result:
* driver: pdftex
* paper: letterpaper
* layout: <same size as paper>
* layoutoffset:(h,v)=(0.0pt,0.0pt)
* modes: 
* h-part:(L,W,R)=(92.14519pt, 430.00462pt, 92.14519pt)
* v-part:(T,H,B)=(95.39737pt, 556.47656pt, 143.09605pt)
* \paperwidth=614.295pt
* \paperheight=794.96999pt
* \textwidth=430.00462pt
* \textheight=556.47656pt
* \oddsidemargin=19.8752pt
* \evensidemargin=19.8752pt
* \topmargin=-13.87262pt
* \headheight=12.0pt
* \headsep=25.0pt
* \topskip=11.0pt
* \footskip=30.0pt
* \marginparwidth=59.0pt
* \marginparsep=10.0pt
* \columnsep=10.0pt
* \skip\footins=10.0pt plus 4.0pt minus 2.0pt
* \hoffset=0.0pt
* \voffset=0.0pt
* \mag=1000
* \@twocolumnfalse
* \@twosidefalse
* \@mparswitchfalse
* \@reversemarginfalse
* (1in=72.27pt=25.4mm, 1cm=28.453pt)

(C:\Users\nishant\AppData\Roaming\MiKTeX\2.9\tex\context\base\supp-pdf.mkii
[Loading MPS to PDF converter (version 2006.09.02).]
\scratchcounter=\count105
\scratchdimen=\dimen122
\scratchbox=\box30
\nofMPsegments=\count106
\nofMParguments=\count107
\everyMPshowfont=\toks24
\MPscratchCnt=\count108
\MPscratchDim=\dimen123
\MPnumerator=\count109
\makeMPintoPDFobject=\count110
\everyMPtoPDFconversion=\toks25
)
(C:\Users\nishant\Desktop\SelforganizedCriticality\Forest-Fire-SOC\doc\latex\co
ver.tex
Package epstopdf Info: Source file: <ETHlogo.eps>
(epstopdf)                    date: 2012-11-18 19:05:58
(epstopdf)                    size: 179075 bytes
(epstopdf)             Output file: <ETHlogo-eps-converted-to.pdf>
(epstopdf)                    date: 2012-11-18 19:05:58
(epstopdf)                    size: 14354 bytes
(epstopdf)             Command: <epstopdf --outfile=ETHlogo-eps-converted-to.pd
f ETHlogo.eps>
(epstopdf)             \includegraphics on input line 5.
Package epstopdf Info: Output file is already uptodate.
 <ETHlogo-eps-converted-to.pdf, id=1, 179.67125pt x 45.16875pt>
File: ETHlogo-eps-converted-to.pdf Graphic file (type pdf)

<use ETHlogo-eps-converted-to.pdf>
Package pdftex.def Info: ETHlogo-eps-converted-to.pdf used on input line 5.
(pdftex.def)             Requested size: 142.26378pt x 35.76698pt.
LaTeX Font Info:    Try loading font information for U+msa on input line 34.

("C:\Program Files\MiKTeX 2.9\tex\latex\amsfonts\umsa.fd"
File: umsa.fd 2009/06/22 v3.00 AMS symbols A
)
LaTeX Font Info:    Try loading font information for U+msb on input line 34.

("C:\Program Files\MiKTeX 2.9\tex\latex\amsfonts\umsb.fd"
File: umsb.fd 2009/06/22 v3.00 AMS symbols B
)) [1

{C:/Users/nishant/AppData/Local/MiKTeX/2.9/pdftex/config/pdftex.map} <C:/Users/
nishant/Desktop/SelforganizedCriticality/Forest-Fire-SOC/doc/latex/ETHlogo-eps-
converted-to.pdf>]
Overfull \hbox (5.3226pt too wide) in paragraph at lines 61--79
 [] 
 []

[2]
(C:\Users\nishant\Desktop\SelforganizedCriticality\Forest-Fire-SOC\doc\latex\re
port.toc)
\tf@toc=\write3
 [3] [4]

Package natbib Warning: Citation `bak88' on page 5 undefined on input line 116.


[5]
LaTeX Font Info:    Try loading font information for OMS+cmr on input line 136.

 ("C:\Program Files\MiKTeX 2.9\tex\latex\base\omscmr.fd"
File: omscmr.fd 1999/05/25 v2.5h Standard LaTeX font definitions
)
LaTeX Font Info:    Font shape `OMS/cmr/m/n' in size <12> not available
(Font)              Font shape `OMS/cmsy/m/n' tried instead on input line 136.
 [6] [7] [8]
Missing character: There is no ‚ in font cmr12!
Missing character: There is no Ä in font cmr12!
Missing character: There is no ú in font cmr12!
Missing character: There is no ‚ in font cmr12!
Missing character: There is no Ä in font cmr12!
Missing character: There is no ù in font cmr12!

[9]
Missing character: There is no ù in font cmr12!
 [10]
Overfull \hbox (17.27065pt too wide) in paragraph at lines 251--251
 []\OT1/cmtt/m/n/12 if rand_grid(m,n)<k %If the random number for a site is les
s than k,[] 
 []


Overfull \hbox (11.09564pt too wide) in paragraph at lines 300--300
 []\OT1/cmtt/m/n/12 % we need to take care that the neighbors of every cell are
 correct[] 
 []


Overfull \hbox (60.49567pt too wide) in paragraph at lines 300--300
 []    \OT1/cmtt/m/n/12 Copy the first column of Forest_grid to last column of 
Forest_grid_copy[] 
 []


Overfull \hbox (60.49567pt too wide) in paragraph at lines 300--300
 []    \OT1/cmtt/m/n/12 Copy the last column of Forest_grid to first column of 
Forest_grid_copy[] 
 []


Overfull \hbox (23.44565pt too wide) in paragraph at lines 300--300
 []    \OT1/cmtt/m/n/12 Copy the first row of Forest_grid to last row of Forest
_grid_copy[] 
 []


Overfull \hbox (23.44565pt too wide) in paragraph at lines 300--300
 []    \OT1/cmtt/m/n/12 Copy the last row of Forest_grid to first row of Forest
_grid_copy[] 
 []

[11]
Overfull \hbox (60.49567pt too wide) in paragraph at lines 300--300
 []              \OT1/cmtt/m/n/12 %an empty site becomes a tree if a generated 
random no. is <p[] 
 []


Overfull \hbox (60.49567pt too wide) in paragraph at lines 300--300
 []                \OT1/cmtt/m/n/12 Forest_grid_temp(m+1,n)==2 || Forest_grid_t
emp(m,n-1)==2 ||[] 
 []


Overfull \hbox (72.84567pt too wide) in paragraph at lines 300--300
 []                \OT1/cmtt/m/n/12 %if any of the neighbours of the current si
te is burning or a[] 
 []


Overfull \hbox (72.84567pt too wide) in paragraph at lines 300--300
 []                \OT1/cmtt/m/n/12 % random number is generated which is great
er than lightening[] 
 []

[12]
Overfull \hbox (66.67067pt too wide) in paragraph at lines 367--367
 []\OT1/cmtt/m/n/12 %The above loop will be sufficient if we have absorbing bou
ndary conditions.[] 
 []


Overfull \hbox (60.49567pt too wide) in paragraph at lines 367--367
 []\OT1/cmtt/m/n/12 %Periodic boundary condition requires that we should check 
all the indexing[] 
 []


Overfull \hbox (11.09564pt too wide) in paragraph at lines 367--367
 []    \OT1/cmtt/m/n/12 is different than this smallest index, we replace all t
he trees[] 
 []

[13]
Underfull \hbox (badness 10000) in paragraph at lines 382--384

 []

[14]
Overfull \hbox (11.09564pt too wide) in paragraph at lines 425--425
 []\OT1/cmtt/m/n/12 %this is the first column where an element of this cluster 
appears.[] 
 []


Overfull \hbox (17.27065pt too wide) in paragraph at lines 425--425
 []\OT1/cmtt/m/n/12 %this implies that this cluster cannot be connected via the
 boundary[] 
 []


Overfull \hbox (23.44565pt too wide) in paragraph at lines 425--425
 []\OT1/cmtt/m/n/12 %this is the case when we have atleast one column in betwee
n where no[] 
 []


Overfull \hbox (4.92064pt too wide) in paragraph at lines 425--425
 []\OT1/cmtt/m/n/12 %element of the given cluster is found and this can happen 
only if[] 
 []

[15]
Overfull \hbox (4.92064pt too wide) in paragraph at lines 425--425
 []\OT1/cmtt/m/n/12 %The column shift needed for a given cluster can be calcula
ted as:[] 
 []


Overfull \hbox (128.4207pt too wide) in paragraph at lines 425--425
 []\OT1/cmtt/m/n/12 %An exactly similar procedure is followed to calculate the 
row shift for every cluster[] 
 []


Overfull \hbox (91.37068pt too wide) in paragraph at lines 425--425
 []\OT1/cmtt/m/n/12 %index where we go though all the columns for a gicen row a
nd very all the rows.[] 
 []

[16] [17]
Underfull \hbox (badness 10000) in paragraph at lines 494--495

 []

[18] <Pictures/case1_size_500.png, id=77, 508.14844pt x 382.42876pt>
File: Pictures/case1_size_500.png Graphic file (type png)

<use Pictures/case1_size_500.png>
Package pdftex.def Info: Pictures/case1_size_500.png used on input line 498.
(pdftex.def)             Requested size: 387.00153pt x 291.26158pt.

Underfull \hbox (badness 10000) in paragraph at lines 502--503

 []


<Pictures/case2_size500_1000iter_p_0point1_ratio_1000.png, id=78, 454.69875pt x
 369.63094pt>
File: Pictures/case2_size500_1000iter_p_0point1_ratio_1000.png Graphic file (ty
pe png)
 <use Pictures/case2_size500_1000iter_p_0point1_ratio_1000.png>
Package pdftex.def Info: Pictures/case2_size500_1000iter_p_0point1_ratio_1000.p
ng used on input line 506.
(pdftex.def)             Requested size: 387.00153pt x 314.60513pt.

[19 <C:/Users/nishant/Desktop/SelforganizedCriticality/Forest-Fire-SOC/doc/late
x/Pictures/case1_size_500.png (PNG copy)>]
<Pictures/case3_size500_1000iter_p_0point1_ratio_10.png, id=84, 455.45157pt x 3
47.79938pt>
File: Pictures/case3_size500_1000iter_p_0point1_ratio_10.png Graphic file (type
 png)
 <use Pictures/case3_size500_1000iter_p_0point1_ratio_10.png>
Package pdftex.def Info: Pictures/case3_size500_1000iter_p_0point1_ratio_10.png
 used on input line 513.
(pdftex.def)             Requested size: 387.00153pt x 295.53534pt.

Underfull \hbox (badness 10000) in paragraph at lines 510--515

 []

[20 <C:/Users/nishant/Desktop/SelforganizedCriticality/Forest-Fire-SOC/doc/late
x/Pictures/case2_size500_1000iter_p_0point1_ratio_1000.png (PNG copy)>]
<Pictures/case4_size500_10000iter_p_0point001_ratio_1000.png, id=88, 470.50781p
t x 400.49625pt>
File: Pictures/case4_size500_10000iter_p_0point001_ratio_1000.png Graphic file 
(type png)

<use Pictures/case4_size500_10000iter_p_0point001_ratio_1000.png>
Package pdftex.def Info: Pictures/case4_size500_10000iter_p_0point001_ratio_100
0.png used on input line 522.
(pdftex.def)             Requested size: 387.00153pt x 329.41737pt.
 [21 <C:/Users/nishant/Desktop/SelforganizedCriticality/Forest-Fire-SOC/doc/lat
ex/Pictures/case3_size500_1000iter_p_0point1_ratio_10.png (PNG copy)>] [22 <C:/
Users/nishant/Desktop/SelforganizedCriticality/Forest-Fire-SOC/doc/latex/Pictur
es/case4_size500_10000iter_p_0point001_ratio_1000.png (PNG copy)>]
<Pictures/case4_size500_10000iter_p_0point01_ratio_1000.png, id=95, 422.32782pt
 x 316.18124pt>
File: Pictures/case4_size500_10000iter_p_0point01_ratio_1000.png Graphic file (
type png)

<use Pictures/case4_size500_10000iter_p_0point01_ratio_1000.png>
Package pdftex.def Info: Pictures/case4_size500_10000iter_p_0point01_ratio_1000
.png used on input line 530.
(pdftex.def)             Requested size: 387.00153pt x 289.74203pt.

<Pictures/case4_size50_10000iter_p_0point001_ratio_1000.png, id=96, 521.69907pt
 x 435.87843pt>
File: Pictures/case4_size50_10000iter_p_0point001_ratio_1000.png Graphic file (
type png)

<use Pictures/case4_size50_10000iter_p_0point001_ratio_1000.png>
Package pdftex.def Info: Pictures/case4_size50_10000iter_p_0point001_ratio_1000
.png used on input line 540.
(pdftex.def)             Requested size: 387.00153pt x 323.3431pt.
 [23 <C:/Users/nishant/Desktop/SelforganizedCriticality/Forest-Fire-SOC/doc/lat
ex/Pictures/case4_size500_10000iter_p_0point01_ratio_1000.png (PNG copy)>]
<Pictures/frequency_distribution_4_different_cases.png, id=100, 492.33937pt x 3
81.67593pt>
File: Pictures/frequency_distribution_4_different_cases.png Graphic file (type 
png)
 <use Pictures/frequency_distribution_4_different_cases.png>
Package pdftex.def Info: Pictures/frequency_distribution_4_different_cases.png 
used on input line 549.
(pdftex.def)             Requested size: 387.00153pt x 300.02977pt.

[24 <C:/Users/nishant/Desktop/SelforganizedCriticality/Forest-Fire-SOC/doc/late
x/Pictures/case4_size50_10000iter_p_0point001_ratio_1000.png (PNG copy)>]
<Pictures/radius_4_cases.png, id=104, 475.7775pt x 363.60844pt>
File: Pictures/radius_4_cases.png Graphic file (type png)

<use Pictures/radius_4_cases.png>
Package pdftex.def Info: Pictures/radius_4_cases.png used on input line 555.
(pdftex.def)             Requested size: 387.00153pt x 295.77512pt.
 [25 <C:/Users/nishant/Desktop/SelforganizedCriticality/Forest-Fire-SOC/doc/lat
ex/Pictures/frequency_distribution_4_different_cases.png (PNG copy)>]
<Pictures/Tree_Pop_100_100_500000.png, id=109, 1084.80281pt x 590.95781pt>
File: Pictures/Tree_Pop_100_100_500000.png Graphic file (type png)

<use Pictures/Tree_Pop_100_100_500000.png>
Package pdftex.def Info: Pictures/Tree_Pop_100_100_500000.png used on input lin
e 568.
(pdftex.def)             Requested size: 387.00153pt x 210.82396pt.
 [26 <C:/Users/nishant/Desktop/SelforganizedCriticality/Forest-Fire-SOC/doc/lat
ex/Pictures/radius_4_cases.png (PNG copy)>] <Pictures/Radius_dist_1.png, id=113
, 1084.80281pt x 590.95781pt>
File: Pictures/Radius_dist_1.png Graphic file (type png)

<use Pictures/Radius_dist_1.png>
Package pdftex.def Info: Pictures/Radius_dist_1.png used on input line 577.
(pdftex.def)             Requested size: 387.00153pt x 210.82396pt.
 [27 <C:/Users/nishant/Desktop/SelforganizedCriticality/Forest-Fire-SOC/doc/lat
ex/Pictures/Tree_Pop_100_100_500000.png (PNG copy)>] <Pictures/Size_dist_1.png,
 id=117, 1084.80281pt x 590.95781pt>
File: Pictures/Size_dist_1.png Graphic file (type png)

<use Pictures/Size_dist_1.png>
Package pdftex.def Info: Pictures/Size_dist_1.png used on input line 586.
(pdftex.def)             Requested size: 387.00153pt x 210.82396pt.
 [28 <C:/Users/nishant/Desktop/SelforganizedCriticality/Forest-Fire-SOC/doc/lat
ex/Pictures/Radius_dist_1.png (PNG copy)>]

Package natbib Warning: Citation `pruessner04' on page 29 undefined on input li
ne 592.


(C:\Users\nishant\Desktop\SelforganizedCriticality\Forest-Fire-SOC\doc\latex\re
port.bbl)

Package natbib Warning: There were undefined citations.


! LaTeX Error: \begin{itemize} on input line 135 ended by \end{document}.

See the LaTeX manual or LaTeX Companion for explanation.
Type  H <return>  for immediate help.
 ...                                              
                                                  
l.601 \end{document}
                    
Your command was ignored.
Type  I <command> <return>  to replace it with another command,
or  <return>  to continue without it.

[29 <C:/Users/nishant/Desktop/SelforganizedCriticality/Forest-Fire-SOC/doc/late
x/Pictures/Size_dist_1.png (PNG copy)>]
(C:\Users\nishant\Desktop\SelforganizedCriticality\Forest-Fire-SOC\doc\latex\re
port.aux) )
(\end occurred inside a group at level 1)

### semi simple group (level 1) entered at line 135 (\begingroup)
### bottom level 
Here is how much of TeX's memory you used:
 3335 strings out of 494053
 46481 string characters out of 3148597
 110973 words of memory out of 3000000
 6548 multiletter control sequences out of 15000+200000
 14541 words of font info for 56 fonts, out of 3000000 for 9000
 715 hyphenation exceptions out of 8191
 42i,10n,24p,1295b,332s stack positions out of 5000i,500n,10000p,200000b,50000s
<C:/Program Files/MiKTeX 2.9/fonts/type1/public/amsfonts/cm/cmb
x10.pfb><C:/Program Files/MiKTeX 2.9/fonts/type1/public/amsfonts/cm/cmbx12.pfb>
<C:/Program Files/MiKTeX 2.9/fonts/type1/public/amsfonts/cm/cmbxti10.pfb><C:/Pr
ogram Files/MiKTeX 2.9/fonts/type1/public/amsfonts/cm/cmex10.pfb><C:/Program Fi
les/MiKTeX 2.9/fonts/type1/public/amsfonts/cm/cmmi10.pfb><C:/Program Files/MiKT
eX 2.9/fonts/type1/public/amsfonts/cm/cmmi12.pfb><C:/Program Files/MiKTeX 2.9/f
onts/type1/public/amsfonts/cm/cmmi8.pfb><C:/Program Files/MiKTeX 2.9/fonts/type
1/public/amsfonts/cm/cmr10.pfb><C:/Program Files/MiKTeX 2.9/fonts/type1/public/
amsfonts/cm/cmr12.pfb><C:/Program Files/MiKTeX 2.9/fonts/type1/public/amsfonts/
cm/cmr17.pfb><C:/Program Files/MiKTeX 2.9/fonts/type1/public/amsfonts/cm/cmr6.p
fb><C:/Program Files/MiKTeX 2.9/fonts/type1/public/amsfonts/cm/cmr8.pfb><C:/Pro
gram Files/MiKTeX 2.9/fonts/type1/public/amsfonts/cm/cmsy10.pfb><C:/Program Fil
es/MiKTeX 2.9/fonts/type1/public/amsfonts/cm/cmsy8.pfb><C:/Program Files/MiKTeX
 2.9/fonts/type1/public/amsfonts/cm/cmti12.pfb><C:/Program Files/MiKTeX 2.9/fon
ts/type1/public/amsfonts/cm/cmtt12.pfb><C:/Program Files/MiKTeX 2.9/fonts/type1
/public/amsfonts/symbols/msam10.pfb>
Output written on report.pdf (29 pages, 364886 bytes).
PDF statistics:
 177 PDF objects out of 1000 (max. 8388607)
 0 named destinations out of 1000 (max. 500000)
 61 words of extra memory for PDF output out of 10000 (max. 10000000)

