This is pdfTeX, Version 3.1415926-1.40.11 (MiKTeX 2.9) (preloaded format=pdflatex 2012.3.27)  14 DEC 2012 23:28
entering extended mode
**C:/Users/nishant/Desktop/SelforganizedCriticality/Forest-Fire-SOC/doc/latex/R
eport.tex

(C:/Users/nishant/Desktop/SelforganizedCriticality/Forest-Fire-SOC/doc/latex/Re
port.tex
LaTeX2e <2009/09/24>
Babel <v3.8l> and hyphenation patterns for english, afrikaans, ancientgreek, ar
abic, armenian, assamese, basque, bengali, bokmal, bulgarian, catalan, coptic, 
croatian, czech, danish, dutch, esperanto, estonian, farsi, finnish, french, ga
lician, german, german-x-2009-06-19, greek, gujarati, hindi, hungarian, iceland
ic, indonesian, interlingua, irish, italian, kannada, kurmanji, lao, latin, lat
vian, lithuanian, malayalam, marathi, mongolian, mongolianlmc, monogreek, ngerm
an, ngerman-x-2009-06-19, nynorsk, oriya, panjabi, pinyin, polish, portuguese, 
romanian, russian, sanskrit, serbian, slovak, slovenian, spanish, swedish, swis
sgerman, tamil, telugu, turkish, turkmen, ukenglish, ukrainian, uppersorbian, u
senglishmax, welsh, loaded.
("C:\Program Files\MiKTeX 2.9\tex\latex\base\article.cls"
Document Class: article 2007/10/19 v1.4h Standard LaTeX document class
("C:\Program Files\MiKTeX 2.9\tex\latex\base\size11.clo"
File: size11.clo 2007/10/19 v1.4h Standard LaTeX file (size option)
)
\c@part=\count79
\c@section=\count80
\c@subsection=\count81
\c@subsubsection=\count82
\c@paragraph=\count83
\c@subparagraph=\count84
\c@figure=\count85
\c@table=\count86
\abovecaptionskip=\skip41
\belowcaptionskip=\skip42
\bibindent=\dimen102
)
("C:\Program Files\MiKTeX 2.9\tex\latex\geometry\geometry.sty"
Package: geometry 2010/09/12 v5.6 Page Geometry

("C:\Program Files\MiKTeX 2.9\tex\latex\graphics\keyval.sty"
Package: keyval 1999/03/16 v1.13 key=value parser (DPC)
\KV@toks@=\toks14
)
("C:\Program Files\MiKTeX 2.9\tex\generic\oberdiek\ifpdf.sty"
Package: ifpdf 2011/01/30 v2.3 Provides the ifpdf switch (HO)
Package ifpdf Info: pdfTeX in PDF mode is detected.
)
("C:\Program Files\MiKTeX 2.9\tex\generic\oberdiek\ifvtex.sty"
Package: ifvtex 2010/03/01 v1.5 Switches for detecting VTeX and its modes (HO)
Package ifvtex Info: VTeX not detected.
)
("C:\Program Files\MiKTeX 2.9\tex\generic\ifxetex\ifxetex.sty"
Package: ifxetex 2010/09/12 v0.6 Provides ifxetex conditional
)
\Gm@cnth=\count87
\Gm@cntv=\count88
\c@Gm@tempcnt=\count89
\Gm@bindingoffset=\dimen103
\Gm@wd@mp=\dimen104
\Gm@odd@mp=\dimen105
\Gm@even@mp=\dimen106
\Gm@layoutwidth=\dimen107
\Gm@layoutheight=\dimen108
\Gm@layouthoffset=\dimen109
\Gm@layoutvoffset=\dimen110
\Gm@dimlist=\toks15

("C:\Program Files\MiKTeX 2.9\tex\latex\geometry\geometry.cfg"))
("C:\Program Files\MiKTeX 2.9\tex\latex\graphics\graphicx.sty"
Package: graphicx 1999/02/16 v1.0f Enhanced LaTeX Graphics (DPC,SPQR)

("C:\Program Files\MiKTeX 2.9\tex\latex\graphics\graphics.sty"
Package: graphics 2009/02/05 v1.0o Standard LaTeX Graphics (DPC,SPQR)

("C:\Program Files\MiKTeX 2.9\tex\latex\graphics\trig.sty"
Package: trig 1999/03/16 v1.09 sin cos tan (DPC)
)
("C:\Program Files\MiKTeX 2.9\tex\latex\00miktex\graphics.cfg"
File: graphics.cfg 2007/01/18 v1.5 graphics configuration of teTeX/TeXLive
)
Package graphics Info: Driver file: pdftex.def on input line 91.

("C:\Program Files\MiKTeX 2.9\tex\latex\pdftex-def\pdftex.def"
File: pdftex.def 2011/04/25 v0.06b Graphics/color for pdfTeX

("C:\Program Files\MiKTeX 2.9\tex\generic\oberdiek\infwarerr.sty"
Package: infwarerr 2010/04/08 v1.3 Providing info/warning/message (HO)
)
("C:\Program Files\MiKTeX 2.9\tex\generic\oberdiek\ltxcmds.sty"
Package: ltxcmds 2011/04/18 v1.20 LaTeX kernel commands for general use (HO)
)
\Gread@gobject=\count90
))
\Gin@req@height=\dimen111
\Gin@req@width=\dimen112
)
("C:\Program Files\MiKTeX 2.9\tex\latex\amsfonts\amssymb.sty"
Package: amssymb 2009/06/22 v3.00

("C:\Program Files\MiKTeX 2.9\tex\latex\amsfonts\amsfonts.sty"
Package: amsfonts 2009/06/22 v3.00 Basic AMSFonts support
\@emptytoks=\toks16
\symAMSa=\mathgroup4
\symAMSb=\mathgroup5
LaTeX Font Info:    Overwriting math alphabet `\mathfrak' in version `bold'
(Font)                  U/euf/m/n --> U/euf/b/n on input line 96.
))
("C:\Program Files\MiKTeX 2.9\tex\latex\oberdiek\epstopdf.sty"
Package: epstopdf 2010/02/09 v2.5 Conversion with epstopdf on the fly (HO)

("C:\Program Files\MiKTeX 2.9\tex\latex\oberdiek\epstopdf-base.sty"
Package: epstopdf-base 2010/02/09 v2.5 Base part for package epstopdf

("C:\Program Files\MiKTeX 2.9\tex\latex\oberdiek\grfext.sty"
Package: grfext 2010/08/19 v1.1 Managing graphics extensions (HO)

("C:\Program Files\MiKTeX 2.9\tex\generic\oberdiek\kvdefinekeys.sty"
Package: kvdefinekeys 2011/04/07 v1.3 Defining keys (HO)
))
("C:\Program Files\MiKTeX 2.9\tex\latex\oberdiek\kvoptions.sty"
Package: kvoptions 2010/12/23 v3.10 Keyval support for LaTeX options (HO)

("C:\Program Files\MiKTeX 2.9\tex\generic\oberdiek\kvsetkeys.sty"
Package: kvsetkeys 2011/04/07 v1.13 Key value parser (HO)

("C:\Program Files\MiKTeX 2.9\tex\generic\oberdiek\etexcmds.sty"
Package: etexcmds 2011/02/16 v1.5 Prefix for e-TeX command names (HO)

("C:\Program Files\MiKTeX 2.9\tex\generic\oberdiek\ifluatex.sty"
Package: ifluatex 2010/03/01 v1.3 Provides the ifluatex switch (HO)
Package ifluatex Info: LuaTeX not detected.
)
Package etexcmds Info: Could not find \expanded.
(etexcmds)             That can mean that you are not using pdfTeX 1.50 or
(etexcmds)             that some package has redefined \expanded.
(etexcmds)             In the latter case, load this package earlier.
)))
("C:\Program Files\MiKTeX 2.9\tex\generic\oberdiek\pdftexcmds.sty"
Package: pdftexcmds 2011/04/22 v0.16 Utilities of pdfTeX for LuaTeX (HO)
Package pdftexcmds Info: LuaTeX not detected.
Package pdftexcmds Info: \pdf@primitive is available.
Package pdftexcmds Info: \pdf@ifprimitive is available.
Package pdftexcmds Info: \pdfdraftmode found.
)
Package grfext Info: Graphics extension search list:
(grfext)             [.png,.pdf,.jpg,.mps,.jpeg,.jbig2,.jb2,.PNG,.PDF,.JPG,.JPE
G,.JBIG2,.JB2,.eps]
(grfext)             \AppendGraphicsExtensions on input line 452.
))
(C:\Users\nishant\AppData\Roaming\MiKTeX\2.9\tex\latex\natbib\natbib.sty
Package: natbib 2010/09/13 8.31b (PWD, AO)
\bibhang=\skip43
\bibsep=\skip44
LaTeX Info: Redefining \cite on input line 694.
\c@NAT@ctr=\count91
)
("C:\Program Files\MiKTeX 2.9\tex\latex\ams\math\amsmath.sty"
Package: amsmath 2000/07/18 v2.13 AMS math features
\@mathmargin=\skip45

For additional information on amsmath, use the `?' option.
("C:\Program Files\MiKTeX 2.9\tex\latex\ams\math\amstext.sty"
Package: amstext 2000/06/29 v2.01

("C:\Program Files\MiKTeX 2.9\tex\latex\ams\math\amsgen.sty"
File: amsgen.sty 1999/11/30 v2.0
\@emptytoks=\toks17
\ex@=\dimen113
))
("C:\Program Files\MiKTeX 2.9\tex\latex\ams\math\amsbsy.sty"
Package: amsbsy 1999/11/29 v1.2d
\pmbraise@=\dimen114
)
("C:\Program Files\MiKTeX 2.9\tex\latex\ams\math\amsopn.sty"
Package: amsopn 1999/12/14 v2.01 operator names
)
\inf@bad=\count92
LaTeX Info: Redefining \frac on input line 211.
\uproot@=\count93
\leftroot@=\count94
LaTeX Info: Redefining \overline on input line 307.
\classnum@=\count95
\DOTSCASE@=\count96
LaTeX Info: Redefining \ldots on input line 379.
LaTeX Info: Redefining \dots on input line 382.
LaTeX Info: Redefining \cdots on input line 467.
\Mathstrutbox@=\box26
\strutbox@=\box27
\big@size=\dimen115
LaTeX Font Info:    Redeclaring font encoding OML on input line 567.
LaTeX Font Info:    Redeclaring font encoding OMS on input line 568.
\macc@depth=\count97
\c@MaxMatrixCols=\count98
\dotsspace@=\muskip10
\c@parentequation=\count99
\dspbrk@lvl=\count100
\tag@help=\toks18
\row@=\count101
\column@=\count102
\maxfields@=\count103
\andhelp@=\toks19
\eqnshift@=\dimen116
\alignsep@=\dimen117
\tagshift@=\dimen118
\tagwidth@=\dimen119
\totwidth@=\dimen120
\lineht@=\dimen121
\@envbody=\toks20
\multlinegap=\skip46
\multlinetaggap=\skip47
\mathdisplay@stack=\toks21
LaTeX Info: Redefining \[ on input line 2666.
LaTeX Info: Redefining \] on input line 2667.
)
(C:\Users\nishant\AppData\Roaming\MiKTeX\2.9\tex\latex\listings\listings.sty
\lst@mode=\count104
\lst@gtempboxa=\box28
\lst@token=\toks22
\lst@length=\count105
\lst@currlwidth=\dimen122
\lst@column=\count106
\lst@pos=\count107
\lst@lostspace=\dimen123
\lst@width=\dimen124
\lst@newlines=\count108
\lst@lineno=\count109
\lst@maxwidth=\dimen125

(C:\Users\nishant\AppData\Roaming\MiKTeX\2.9\tex\latex\listings\lstmisc.sty
File: lstmisc.sty 2007/02/22 1.4 (Carsten Heinz)
\c@lstnumber=\count110
\lst@skipnumbers=\count111
\lst@framebox=\box29
)
(C:\Users\nishant\AppData\Roaming\MiKTeX\2.9\tex\latex\listings\listings.cfg
File: listings.cfg 2007/02/22 1.4 listings configuration
))
Package: listings 2007/02/22 1.4 (Carsten Heinz)

(C:\Users\nishant\Desktop\SelforganizedCriticality\Forest-Fire-SOC\doc\latex\mc
ode.sty
-- Package: `mcode' 2.3 <2012/08/31> --
Package: mcode 2012/08/31 2.3
 - settings optimized for display (colour formating)
 - framed listings
(C:\Users\nishant\AppData\Roaming\MiKTeX\2.9\tex\latex\xcolor\xcolor.sty
Package: xcolor 2007/01/21 v2.11 LaTeX color extensions (UK)

("C:\Program Files\MiKTeX 2.9\tex\latex\00miktex\color.cfg"
File: color.cfg 2007/01/18 v1.5 color configuration of teTeX/TeXLive
)
Package xcolor Info: Driver file: pdftex.def on input line 225.
Package xcolor Info: Model `cmy' substituted by `cmy0' on input line 1337.
Package xcolor Info: Model `hsb' substituted by `rgb' on input line 1341.
Package xcolor Info: Model `RGB' extended on input line 1353.
Package xcolor Info: Model `HTML' substituted by `rgb' on input line 1355.
Package xcolor Info: Model `Hsb' substituted by `hsb' on input line 1356.
Package xcolor Info: Model `tHsb' substituted by `hsb' on input line 1357.
Package xcolor Info: Model `HSB' substituted by `hsb' on input line 1358.
Package xcolor Info: Model `Gray' substituted by `gray' on input line 1359.
Package xcolor Info: Model `wave' substituted by `hsb' on input line 1360.
)
("C:\Program Files\MiKTeX 2.9\tex\latex\base\textcomp.sty"
Package: textcomp 2005/09/27 v1.99g Standard LaTeX package
Package textcomp Info: Sub-encoding information:
(textcomp)               5 = only ISO-Adobe without \textcurrency
(textcomp)               4 = 5 + \texteuro
(textcomp)               3 = 4 + \textohm
(textcomp)               2 = 3 + \textestimated + \textcurrency
(textcomp)               1 = TS1 - \textcircled - \t
(textcomp)               0 = TS1 (full)
(textcomp)             Font families with sub-encoding setting implement
(textcomp)             only a restricted character set as indicated.
(textcomp)             Family '?' is the default used for unknown fonts.
(textcomp)             See the documentation for details.
Package textcomp Info: Setting ? sub-encoding to TS1/1 on input line 71.

("C:\Program Files\MiKTeX 2.9\tex\latex\base\ts1enc.def"
File: ts1enc.def 2001/06/05 v3.0e (jk/car/fm) Standard LaTeX file
)
LaTeX Info: Redefining \oldstylenums on input line 266.
Package textcomp Info: Setting cmr sub-encoding to TS1/0 on input line 281.
Package textcomp Info: Setting cmss sub-encoding to TS1/0 on input line 282.
Package textcomp Info: Setting cmtt sub-encoding to TS1/0 on input line 283.
Package textcomp Info: Setting cmvtt sub-encoding to TS1/0 on input line 284.
Package textcomp Info: Setting cmbr sub-encoding to TS1/0 on input line 285.
Package textcomp Info: Setting cmtl sub-encoding to TS1/0 on input line 286.
Package textcomp Info: Setting ccr sub-encoding to TS1/0 on input line 287.
Package textcomp Info: Setting ptm sub-encoding to TS1/4 on input line 288.
Package textcomp Info: Setting pcr sub-encoding to TS1/4 on input line 289.
Package textcomp Info: Setting phv sub-encoding to TS1/4 on input line 290.
Package textcomp Info: Setting ppl sub-encoding to TS1/3 on input line 291.
Package textcomp Info: Setting pag sub-encoding to TS1/4 on input line 292.
Package textcomp Info: Setting pbk sub-encoding to TS1/4 on input line 293.
Package textcomp Info: Setting pnc sub-encoding to TS1/4 on input line 294.
Package textcomp Info: Setting pzc sub-encoding to TS1/4 on input line 295.
Package textcomp Info: Setting bch sub-encoding to TS1/4 on input line 296.
Package textcomp Info: Setting put sub-encoding to TS1/5 on input line 297.
Package textcomp Info: Setting uag sub-encoding to TS1/5 on input line 298.
Package textcomp Info: Setting ugq sub-encoding to TS1/5 on input line 299.
Package textcomp Info: Setting ul8 sub-encoding to TS1/4 on input line 300.
Package textcomp Info: Setting ul9 sub-encoding to TS1/4 on input line 301.
Package textcomp Info: Setting augie sub-encoding to TS1/5 on input line 302.
Package textcomp Info: Setting dayrom sub-encoding to TS1/3 on input line 303.
Package textcomp Info: Setting dayroms sub-encoding to TS1/3 on input line 304.

Package textcomp Info: Setting pxr sub-encoding to TS1/0 on input line 305.
Package textcomp Info: Setting pxss sub-encoding to TS1/0 on input line 306.
Package textcomp Info: Setting pxtt sub-encoding to TS1/0 on input line 307.
Package textcomp Info: Setting txr sub-encoding to TS1/0 on input line 308.
Package textcomp Info: Setting txss sub-encoding to TS1/0 on input line 309.
Package textcomp Info: Setting txtt sub-encoding to TS1/0 on input line 310.
Package textcomp Info: Setting futs sub-encoding to TS1/4 on input line 311.
Package textcomp Info: Setting futx sub-encoding to TS1/4 on input line 312.
Package textcomp Info: Setting futj sub-encoding to TS1/4 on input line 313.
Package textcomp Info: Setting hlh sub-encoding to TS1/3 on input line 314.
Package textcomp Info: Setting hls sub-encoding to TS1/3 on input line 315.
Package textcomp Info: Setting hlst sub-encoding to TS1/3 on input line 316.
Package textcomp Info: Setting hlct sub-encoding to TS1/5 on input line 317.
Package textcomp Info: Setting hlx sub-encoding to TS1/5 on input line 318.
Package textcomp Info: Setting hlce sub-encoding to TS1/5 on input line 319.
Package textcomp Info: Setting hlcn sub-encoding to TS1/5 on input line 320.
Package textcomp Info: Setting hlcw sub-encoding to TS1/5 on input line 321.
Package textcomp Info: Setting hlcf sub-encoding to TS1/5 on input line 322.
Package textcomp Info: Setting pplx sub-encoding to TS1/3 on input line 323.
Package textcomp Info: Setting pplj sub-encoding to TS1/3 on input line 324.
Package textcomp Info: Setting ptmx sub-encoding to TS1/4 on input line 325.
Package textcomp Info: Setting ptmj sub-encoding to TS1/4 on input line 326.
))
("C:\Program Files\MiKTeX 2.9\tex\latex\float\float.sty"
Package: float 2001/11/08 v1.3d Float enhancements (AL)
\c@float@type=\count112
\float@exts=\toks23
\float@box=\box30
\@float@everytoks=\toks24
\@floatcapt=\box31
)
(C:\Users\nishant\Desktop\SelforganizedCriticality\Forest-Fire-SOC\doc\latex\Re
port.aux

! Package natbib Error: Bibliography not compatible with author-year citations.

(natbib)                Press <return> to continue in numerical citation style.


See the natbib package documentation for explanation.
Type  H <return>  for immediate help.
 ...                                              
                                                  
l.87 ...mand\NAT@force@numbers{}\NAT@force@numbers
                                                  
Check the bibliography entries for non-compliant syntax,
or select author-year BibTeX style, e.g. plainnat

)
LaTeX Font Info:    Checking defaults for OML/cmm/m/it on input line 34.
LaTeX Font Info:    ... okay on input line 34.
LaTeX Font Info:    Checking defaults for T1/cmr/m/n on input line 34.
LaTeX Font Info:    ... okay on input line 34.
LaTeX Font Info:    Checking defaults for OT1/cmr/m/n on input line 34.
LaTeX Font Info:    ... okay on input line 34.
LaTeX Font Info:    Checking defaults for OMS/cmsy/m/n on input line 34.
LaTeX Font Info:    ... okay on input line 34.
LaTeX Font Info:    Checking defaults for OMX/cmex/m/n on input line 34.
LaTeX Font Info:    ... okay on input line 34.
LaTeX Font Info:    Checking defaults for U/cmr/m/n on input line 34.
LaTeX Font Info:    ... okay on input line 34.
LaTeX Font Info:    Checking defaults for TS1/cmr/m/n on input line 34.
LaTeX Font Info:    Try loading font information for TS1+cmr on input line 34.
 ("C:\Program Files\MiKTeX 2.9\tex\latex\base\ts1cmr.fd"
File: ts1cmr.fd 1999/05/25 v2.5h Standard LaTeX font definitions
)
LaTeX Font Info:    ... okay on input line 34.

*geometry* driver: auto-detecting
*geometry* detected driver: pdftex
*geometry* verbose mode - [ preamble ] result:
* driver: pdftex
* paper: letterpaper
* layout: <same size as paper>
* layoutoffset:(h,v)=(0.0pt,0.0pt)
* modes: 
* h-part:(L,W,R)=(92.14519pt, 430.00462pt, 92.14519pt)
* v-part:(T,H,B)=(95.39737pt, 556.47656pt, 143.09605pt)
* \paperwidth=614.295pt
* \paperheight=794.96999pt
* \textwidth=430.00462pt
* \textheight=556.47656pt
* \oddsidemargin=19.8752pt
* \evensidemargin=19.8752pt
* \topmargin=-13.87262pt
* \headheight=12.0pt
* \headsep=25.0pt
* \topskip=11.0pt
* \footskip=30.0pt
* \marginparwidth=59.0pt
* \marginparsep=10.0pt
* \columnsep=10.0pt
* \skip\footins=10.0pt plus 4.0pt minus 2.0pt
* \hoffset=0.0pt
* \voffset=0.0pt
* \mag=1000
* \@twocolumnfalse
* \@twosidefalse
* \@mparswitchfalse
* \@reversemarginfalse
* (1in=72.27pt=25.4mm, 1cm=28.453pt)

(C:\Users\nishant\AppData\Roaming\MiKTeX\2.9\tex\context\base\supp-pdf.mkii
[Loading MPS to PDF converter (version 2006.09.02).]
\scratchcounter=\count113
\scratchdimen=\dimen126
\scratchbox=\box32
\nofMPsegments=\count114
\nofMParguments=\count115
\everyMPshowfont=\toks25
\MPscratchCnt=\count116
\MPscratchDim=\dimen127
\MPnumerator=\count117
\makeMPintoPDFobject=\count118
\everyMPtoPDFconversion=\toks26
)
\c@lstlisting=\count119

(C:\Users\nishant\Desktop\SelforganizedCriticality\Forest-Fire-SOC\doc\latex\co
ver.tex
Package epstopdf Info: Source file: <ETHlogo.eps>
(epstopdf)                    date: 2012-12-14 07:58:08
(epstopdf)                    size: 179075 bytes
(epstopdf)             Output file: <ETHlogo-eps-converted-to.pdf>
(epstopdf)                    date: 2012-12-14 07:58:08
(epstopdf)                    size: 14354 bytes
(epstopdf)             Command: <epstopdf --outfile=ETHlogo-eps-converted-to.pd
f ETHlogo.eps>
(epstopdf)             \includegraphics on input line 5.
Package epstopdf Info: Output file is already uptodate.
 <ETHlogo-eps-converted-to.pdf, id=1, 179.67125pt x 45.16875pt>
File: ETHlogo-eps-converted-to.pdf Graphic file (type pdf)

<use ETHlogo-eps-converted-to.pdf>
Package pdftex.def Info: ETHlogo-eps-converted-to.pdf used on input line 5.
(pdftex.def)             Requested size: 142.26378pt x 35.76698pt.
LaTeX Font Info:    Try loading font information for U+msa on input line 34.

("C:\Program Files\MiKTeX 2.9\tex\latex\amsfonts\umsa.fd"
File: umsa.fd 2009/06/22 v3.00 AMS symbols A
)
LaTeX Font Info:    Try loading font information for U+msb on input line 34.

("C:\Program Files\MiKTeX 2.9\tex\latex\amsfonts\umsb.fd"
File: umsb.fd 2009/06/22 v3.00 AMS symbols B
)) [1

{C:/Users/nishant/AppData/Local/MiKTeX/2.9/pdftex/config/pdftex.map} <C:/Users/
nishant/Desktop/SelforganizedCriticality/Forest-Fire-SOC/doc/latex/ETHlogo-eps-
converted-to.pdf>]
Overfull \hbox (5.3226pt too wide) in paragraph at lines 63--81
 [] 
 []

[2]
(C:\Users\nishant\Desktop\SelforganizedCriticality\Forest-Fire-SOC\doc\latex\Re
port.toc [3])
\tf@toc=\write3
 [4] [5] [6] [7] [8] [9] [10]
Overfull \hbox (33.1206pt too wide) in paragraph at lines 281--281
[]    \OT1/cmtt/m/n/12 Copy the first column of Forest_grid to last column of F
orest_grid_copy[] 
 []


Overfull \hbox (33.1206pt too wide) in paragraph at lines 281--281
[]    \OT1/cmtt/m/n/12 Copy the last column of Forest_grid to first column of F
orest_grid_copy[] 
 []


Overfull \hbox (39.29561pt too wide) in paragraph at lines 281--281
[]              \OT1/cmtt/m/n/12 //an empty site becomes a tree if a generated 
random no. is <p[] 
 []

[11]
Overfull \hbox (33.1206pt too wide) in paragraph at lines 281--281
[]                \OT1/cmtt/m/n/12 Forest_grid_temp(m+1,n)==2 || Forest_grid_te
mp(m,n-1)==2 ||[] 
 []


Overfull \hbox (51.64561pt too wide) in paragraph at lines 281--281
[]                \OT1/cmtt/m/n/12 //if any of the neighbours of the current si
te is burning or a[] 
 []


Overfull \hbox (45.47061pt too wide) in paragraph at lines 281--281
[]                \OT1/cmtt/m/n/12 //random number is generated which is greate
r than lightening[] 
 []

[12]
Overfull \hbox (45.47061pt too wide) in paragraph at lines 348--348
[]\OT1/cmtt/m/n/12 //The above loop will be sufficient if we have absorbing bou
ndary conditions.[] 
 []


Overfull \hbox (39.29561pt too wide) in paragraph at lines 348--348
[]\OT1/cmtt/m/n/12 //Periodic boundary condition requires that we should check 
all the indexing[] 
 []

[13]
Underfull \hbox (badness 10000) in paragraph at lines 363--365

 []

[14]
Overfull \hbox (2.24559pt too wide) in paragraph at lines 406--406
[]\OT1/cmtt/m/n/12 //this is the case when we have atleast one column in betwee
n where no[] 
 []


Overfull \hbox (107.22064pt too wide) in paragraph at lines 406--406
[]\OT1/cmtt/m/n/12 //An exactly similar procedure is followed to calculate the 
row shift for every cluster[] 
 []


Overfull \hbox (70.17062pt too wide) in paragraph at lines 406--406
[]\OT1/cmtt/m/n/12 //index where we go though all the columns for a gicen row a
nd very all the rows.[] 
 []

[15] [16] [17]
Underfull \hbox (badness 10000) in paragraph at lines 478--479

 []

<Pictures/case1_size_500.png, id=75, 508.14844pt x 382.42876pt>
File: Pictures/case1_size_500.png Graphic file (type png)

<use Pictures/case1_size_500.png>
Package pdftex.def Info: Pictures/case1_size_500.png used on input line 482.
(pdftex.def)             Requested size: 387.00153pt x 291.26158pt.
 [18]
Underfull \hbox (badness 10000) in paragraph at lines 486--487

 []


<Pictures/case2_size500_1000iter_p_0point1_ratio_1000.png, id=79, 454.69875pt x
 369.63094pt>
File: Pictures/case2_size500_1000iter_p_0point1_ratio_1000.png Graphic file (ty
pe png)
 <use Pictures/case2_size500_1000iter_p_0point1_ratio_1000.png>
Package pdftex.def Info: Pictures/case2_size500_1000iter_p_0point1_ratio_1000.p
ng used on input line 490.
(pdftex.def)             Requested size: 387.00153pt x 314.60513pt.

[19 <C:/Users/nishant/Desktop/SelforganizedCriticality/Forest-Fire-SOC/doc/late
x/Pictures/case1_size_500.png (PNG copy)>]
<Pictures/case3_size500_1000iter_p_0point1_ratio_10.png, id=85, 455.45157pt x 3
47.79938pt>
File: Pictures/case3_size500_1000iter_p_0point1_ratio_10.png Graphic file (type
 png)
 <use Pictures/case3_size500_1000iter_p_0point1_ratio_10.png>
Package pdftex.def Info: Pictures/case3_size500_1000iter_p_0point1_ratio_10.png
 used on input line 497.
(pdftex.def)             Requested size: 387.00153pt x 295.53534pt.

Underfull \hbox (badness 10000) in paragraph at lines 494--499

 []

[20 <C:/Users/nishant/Desktop/SelforganizedCriticality/Forest-Fire-SOC/doc/late
x/Pictures/case2_size500_1000iter_p_0point1_ratio_1000.png (PNG copy)>]
<Pictures/case4_size500_10000iter_p_0point001_ratio_1000.png, id=89, 470.50781p
t x 400.49625pt>
File: Pictures/case4_size500_10000iter_p_0point001_ratio_1000.png Graphic file 
(type png)

<use Pictures/case4_size500_10000iter_p_0point001_ratio_1000.png>
Package pdftex.def Info: Pictures/case4_size500_10000iter_p_0point001_ratio_100
0.png used on input line 506.
(pdftex.def)             Requested size: 387.00153pt x 329.41737pt.
 [21 <C:/Users/nishant/Desktop/SelforganizedCriticality/Forest-Fire-SOC/doc/lat
ex/Pictures/case3_size500_1000iter_p_0point1_ratio_10.png (PNG copy)>] [22 <C:/
Users/nishant/Desktop/SelforganizedCriticality/Forest-Fire-SOC/doc/latex/Pictur
es/case4_size500_10000iter_p_0point001_ratio_1000.png (PNG copy)>]
<Pictures/case4_size500_10000iter_p_0point01_ratio_1000.png, id=96, 422.32782pt
 x 316.18124pt>
File: Pictures/case4_size500_10000iter_p_0point01_ratio_1000.png Graphic file (
type png)

<use Pictures/case4_size500_10000iter_p_0point01_ratio_1000.png>
Package pdftex.def Info: Pictures/case4_size500_10000iter_p_0point01_ratio_1000
.png used on input line 514.
(pdftex.def)             Requested size: 387.00153pt x 289.74203pt.

<Pictures/case4_size50_10000iter_p_0point001_ratio_1000.png, id=97, 521.69907pt
 x 435.87843pt>
File: Pictures/case4_size50_10000iter_p_0point001_ratio_1000.png Graphic file (
type png)

<use Pictures/case4_size50_10000iter_p_0point001_ratio_1000.png>
Package pdftex.def Info: Pictures/case4_size50_10000iter_p_0point001_ratio_1000
.png used on input line 524.
(pdftex.def)             Requested size: 387.00153pt x 323.3431pt.
 [23 <C:/Users/nishant/Desktop/SelforganizedCriticality/Forest-Fire-SOC/doc/lat
ex/Pictures/case4_size500_10000iter_p_0point01_ratio_1000.png (PNG copy)>]
<Pictures/frequency_distribution_4_different_cases.png, id=101, 555.57562pt x 3
68.1253pt>
File: Pictures/frequency_distribution_4_different_cases.png Graphic file (type 
png)
 <use Pictures/frequency_distribution_4_different_cases.png>
Package pdftex.def Info: Pictures/frequency_distribution_4_different_cases.png 
used on input line 533.
(pdftex.def)             Requested size: 387.00153pt x 256.42772pt.
 [24 <C:/Users/nishant/Desktop/SelforganizedCriticality/Forest-Fire-SOC/doc/lat
ex/Pictures/case4_size50_10000iter_p_0point001_ratio_1000.png (PNG copy)>]
<Pictures/radius_4_cases.png, id=105, 475.7775pt x 363.60844pt>
File: Pictures/radius_4_cases.png Graphic file (type png)

<use Pictures/radius_4_cases.png>
Package pdftex.def Info: Pictures/radius_4_cases.png used on input line 539.
(pdftex.def)             Requested size: 387.00153pt x 295.77512pt.
 [25 <C:/Users/nishant/Desktop/SelforganizedCriticality/Forest-Fire-SOC/doc/lat
ex/Pictures/frequency_distribution_4_different_cases.png (PNG copy)>]
<Pictures/RadiusDist_100_200_1M.jpg, id=110, 563.10374pt x 415.5525pt>
File: Pictures/RadiusDist_100_200_1M.jpg Graphic file (type jpg)

<use Pictures/RadiusDist_100_200_1M.jpg>
Package pdftex.def Info: Pictures/RadiusDist_100_200_1M.jpg used on input line 
549.
(pdftex.def)             Requested size: 387.00153pt x 285.59653pt.
 [26 <C:/Users/nishant/Desktop/SelforganizedCriticality/Forest-Fire-SOC/doc/lat
ex/Pictures/radius_4_cases.png (PNG copy)>] <Pictures/Size_dist_1.png, id=114, 
1084.80281pt x 590.95781pt>
File: Pictures/Size_dist_1.png Graphic file (type png)

<use Pictures/Size_dist_1.png>
Package pdftex.def Info: Pictures/Size_dist_1.png used on input line 559.
(pdftex.def)             Requested size: 387.00153pt x 210.82396pt.
 [27 <C:/Users/nishant/Desktop/SelforganizedCriticality/Forest-Fire-SOC/doc/lat
ex/Pictures/RadiusDist_100_200_1M.jpg>]
<Pictures/varpconsttheta.jpg, id=118, 578.6418pt x 434.1018pt>
File: Pictures/varpconsttheta.jpg Graphic file (type jpg)

<use Pictures/varpconsttheta.jpg>
Package pdftex.def Info: Pictures/varpconsttheta.jpg used on input line 568.
(pdftex.def)             Requested size: 387.00153pt x 290.33667pt.
 [28 <C:/Users/nishant/Desktop/SelforganizedCriticality/Forest-Fire-SOC/doc/lat
ex/Pictures/Size_dist_1.png (PNG copy)>]
<Pictures/constpvartheta2.jpg, id=122, 578.6418pt x 434.1018pt>
File: Pictures/constpvartheta2.jpg Graphic file (type jpg)

<use Pictures/constpvartheta2.jpg>
Package pdftex.def Info: Pictures/constpvartheta2.jpg used on input line 577.
(pdftex.def)             Requested size: 387.00153pt x 290.33667pt.
 [29 <C:/Users/nishant/Desktop/SelforganizedCriticality/Forest-Fire-SOC/doc/lat
ex/Pictures/varpconsttheta.jpg>]
<Pictures/vargridsize.jpg, id=126, 567.62062pt x 465.99094pt>
File: Pictures/vargridsize.jpg Graphic file (type jpg)

<use Pictures/vargridsize.jpg>
Package pdftex.def Info: Pictures/vargridsize.jpg used on input line 586.
(pdftex.def)             Requested size: 387.00153pt x 317.72289pt.
 [30 <C:/Users/nishant/Desktop/SelforganizedCriticality/Forest-Fire-SOC/doc/lat
ex/Pictures/constpvartheta2.jpg>] [31 <C:/Users/nishant/Desktop/SelforganizedCr
iticality/Forest-Fire-SOC/doc/latex/Pictures/vargridsize.jpg>]
Underfull \hbox (badness 10000) in paragraph at lines 615--619

 []

[32]
Underfull \hbox (badness 10000) in paragraph at lines 620--621

 []


(C:\Users\nishant\Desktop\SelforganizedCriticality\Forest-Fire-SOC\doc\latex\Re
port.bbl [33]
Missing character: There is no Î in font cmr12!
Missing character: There is no ² in font cmr12!
Missing character: There is no â in font cmr12!
Missing character: There is no € in font cmr12!
Missing character: There is no “ in font cmr12!
)
LaTeX Font Info:    Try loading font information for OT1+pcr on input line 631.

 ("C:\Program Files\MiKTeX 2.9\tex\latex\psnfss\ot1pcr.fd"
File: ot1pcr.fd 2001/06/04 font definitions for OT1/pcr.
)
(C:\Users\nishant\Desktop\SelforganizedCriticality\Forest-Fire-SOC\doc\latex\Pr
ogram/Nishant/basic_fire_model_smaller2.m [34]
LaTeX Font Info:    Try loading font information for OML+pcr on input line 40.

("C:\Program Files\MiKTeX 2.9\tex\latex\psnfss\omlpcr.fd"
File: omlpcr.fd 
)
LaTeX Font Info:    Font shape `OML/pcr/m/n' in size <9> not available
(Font)              Font shape `OML/cmm/m/it' tried instead on input line 40.
 [35]
LaTeX Font Info:    Try loading font information for OMS+pcr on input line 99.

("C:\Program Files\MiKTeX 2.9\tex\latex\psnfss\omspcr.fd"
File: omspcr.fd 
)
LaTeX Font Info:    Font shape `OMS/pcr/m/n' in size <9> not available
(Font)              Font shape `OMS/cmsy/m/n' tried instead on input line 99.
LaTeX Font Info:    Try loading font information for TS1+pcr on input line 110.


("C:\Program Files\MiKTeX 2.9\tex\latex\psnfss\ts1pcr.fd"
File: ts1pcr.fd 2001/06/04 font definitions for TS1/pcr.
) [36])
(C:\Users\nishant\Desktop\SelforganizedCriticality\Forest-Fire-SOC\doc\latex\Pr
ogram/Nishant/cluster_disrtibution2.m [37] [38] [39]
Overfull \hbox (29.00005pt too wide) in paragraph at lines 161--162
[][][][][][][][][][][][][][][][][][][][][][][][][][][][][][][][][][][][][][][][
][][][][][][][][][][][][][][][][][][][][][][][][][][][][][][][][][][][][][][][]
[] 
 []

)
Overfull \hbox (64.12357pt too wide) in paragraph at lines 636--637
[]\OT1/cmr/m/n/12 The fol-low-ing func-tion is used by the $\OML/cmm/m/it/12 cl
uster[]distribution\OT1/cmr/m/n/12 2\OML/cmm/m/it/12 :m$ \OT1/cmr/m/n/12 and $\
OML/cmm/m/it/12 cluster[]distribution\OT1/cmr/m/n/12 2[]\OML/cmm/m/it/12 iter:m
$
 []


(C:\Users\nishant\Desktop\SelforganizedCriticality\Forest-Fire-SOC\doc\latex\Pr
ogram/Nishant/correct_radius_shift_getter.m [40] [41] [42])
(C:\Users\nishant\Desktop\SelforganizedCriticality\Forest-Fire-SOC\doc\latex\Pr
ogram/Nishant/radius_size_distribution.m [43])
Overfull \hbox (56.19235pt too wide) in paragraph at lines 642--643
[]\OT1/cmr/m/n/12 The fol-low-ing func-tion is used by the $\OML/cmm/m/it/12 ba
sic[]fire[]model[]smaller\OT1/cmr/m/n/12 2\OML/cmm/m/it/12 :m$\OT1/cmr/m/n/12 ,
 $\OML/cmm/m/it/12 cluster[]distribution\OT1/cmr/m/n/12 2\OML/cmm/m/it/12 :m$\O
T1/cmr/m/n/12 ,
 []


(C:\Users\nishant\Desktop\SelforganizedCriticality\Forest-Fire-SOC\doc\latex\Pr
ogram/Nishant/neighbour.m [44])
Overfull \hbox (75.82436pt too wide) in paragraph at lines 645--646
[]\OT1/cmr/m/n/12 The fol-low-ing func-tion is used by the $\OML/cmm/m/it/12 cl
uster[]distribution\OT1/cmr/m/n/12 2\OML/cmm/m/it/12 :m$\OT1/cmr/m/n/12 , $\OML
/cmm/m/it/12 basic[]fire[]model[]smaller\OT1/cmr/m/n/12 2[]\OML/cmm/m/it/12 ite
r:m$
 []


(C:\Users\nishant\Desktop\SelforganizedCriticality\Forest-Fire-SOC\doc\latex\Pr
ogram/Nishant/converter.m)
Overfull \hbox (75.82436pt too wide) in paragraph at lines 648--649
[]\OT1/cmr/m/n/12 The fol-low-ing func-tion is used by the $\OML/cmm/m/it/12 cl
uster[]distribution\OT1/cmr/m/n/12 2\OML/cmm/m/it/12 :m$\OT1/cmr/m/n/12 , $\OML
/cmm/m/it/12 basic[]fire[]model[]smaller\OT1/cmr/m/n/12 2[]\OML/cmm/m/it/12 ite
r:m$
 []


(C:\Users\nishant\Desktop\SelforganizedCriticality\Forest-Fire-SOC\doc\latex\Pr
ogram/Nishant/changer.m [45])
Overfull \hbox (75.82436pt too wide) in paragraph at lines 651--652
[]\OT1/cmr/m/n/12 The fol-low-ing func-tion is used by the $\OML/cmm/m/it/12 cl
uster[]distribution\OT1/cmr/m/n/12 2\OML/cmm/m/it/12 :m$\OT1/cmr/m/n/12 , $\OML
/cmm/m/it/12 basic[]fire[]model[]smaller\OT1/cmr/m/n/12 2[]\OML/cmm/m/it/12 ite
r:m$
 []


(C:\Users\nishant\Desktop\SelforganizedCriticality\Forest-Fire-SOC\doc\latex\Pr
ogram/Nishant/enforcer.m)
(C:\Users\nishant\Desktop\SelforganizedCriticality\Forest-Fire-SOC\doc\latex\Pr
ogram/Nishant/basic_fire_model_smaller2_iter.m [46]
Overfull \hbox (12.79988pt too wide) in paragraph at lines 21--23
[][][][][][][][][][][][][][][][][][][][][][][][][][][][][][][][][][][][][][][][
][][][][][][][][][][][][][][][][][][][][][][][][][][][][][][][][][][][][][][][]
[][][][][][][][][][] 
 []


Overfull \hbox (18.19994pt too wide) in paragraph at lines 29--30
[][][][][][][][][][][][][][][][][][][][][][][][][][][][][][][][][][][][][][][][
][][][][][][][][][][][][][][][][][][][][][][][][][][][][][][][][][][][][][][][]
[][][][][][][][][][][][][][][][][][][][][][] 
 []

[47] [48] [49])
(C:\Users\nishant\Desktop\SelforganizedCriticality\Forest-Fire-SOC\doc\latex\Pr
ogram/Nishant/cluster_disrtibution2_iter.m [50] [51])
(C:\Users\nishant\Desktop\SelforganizedCriticality\Forest-Fire-SOC\doc\latex\Pr
ogram/Nishant/radius_size_distribution_iter.m [52])
(C:\Users\nishant\Desktop\SelforganizedCriticality\Forest-Fire-SOC\doc\latex\Pr
ogram/Michael/ForFire.m [53] [54] [55] [56] [57]
Overfull \hbox (23.59999pt too wide) in paragraph at lines 242--243
[][][][][][][][][][][][][][][][][][][][][][][][][][][][][][][][][][][][][][][][
][][][][][][][][][][][][][][] 
 []

[58])
(C:\Users\nishant\Desktop\SelforganizedCriticality\Forest-Fire-SOC\doc\latex\Pr
ogram/Michael/diagnostics.m [59])
(C:\Users\nishant\Desktop\SelforganizedCriticality\Forest-Fire-SOC\doc\latex\Pr
ogram/Michael/changeIndex.m [60])
(C:\Users\nishant\Desktop\SelforganizedCriticality\Forest-Fire-SOC\doc\latex\Pr
ogram/Michael/clusterburn.m
Overfull \hbox (34.4001pt too wide) in paragraph at lines 14--15
[][][][][][][][][][][][][][][][][][][][][][][][][][][][][][][][][][][][][][][][
][][][][][][][][][][][][][][][][][][][][][][][][][][][][][][][][][][][][][][][]
[][][][][][][][][][][][][][][][][][][][] 
 []

)
(C:\Users\nishant\Desktop\SelforganizedCriticality\Forest-Fire-SOC\doc\latex\Pr
ogram/Michael/getNcIndex.m) [61]
(C:\Users\nishant\Desktop\SelforganizedCriticality\Forest-Fire-SOC\doc\latex\Pr
ogram/Michael/lowIndex.m)
(C:\Users\nishant\Desktop\SelforganizedCriticality\Forest-Fire-SOC\doc\latex\Pr
ogram/Michael/neighbor.m) [62]
(C:\Users\nishant\Desktop\SelforganizedCriticality\Forest-Fire-SOC\doc\latex\Pr
ogram/Michael/computeradius.m) [63]
(C:\Users\nishant\Desktop\SelforganizedCriticality\Forest-Fire-SOC\doc\latex\Re
port.aux) ) 
Here is how much of TeX's memory you used:
 5895 strings out of 494053
 86022 string characters out of 3148597
 207145 words of memory out of 3000000
 8995 multiletter control sequences out of 15000+200000
 17447 words of font info for 67 fonts, out of 3000000 for 9000
 715 hyphenation exceptions out of 8191
 42i,10n,42p,1295b,1554s stack positions out of 5000i,500n,10000p,200000b,50000s
{C:/Program Files/MiKTeX 2.9/fonts/enc/dvips/fontname/8r.enc} <C:\Us
ers\nishant\AppData\Local\MiKTeX\2.9\fonts\pk\ljfour\jknappen\ec\dpi600\tcrm120
0.pk><C:/Program Files/MiKTeX 2.9/fonts/type1/public/amsfonts/cm/cmbx10.pfb><C:
/Program Files/MiKTeX 2.9/fonts/type1/public/amsfonts/cm/cmbx12.pfb><C:/Program
 Files/MiKTeX 2.9/fonts/type1/public/amsfonts/cm/cmbxti10.pfb><C:/Program Files
/MiKTeX 2.9/fonts/type1/public/amsfonts/cm/cmex10.pfb><C:/Program Files/MiKTeX 
2.9/fonts/type1/public/amsfonts/cm/cmmi10.pfb><C:/Program Files/MiKTeX 2.9/font
s/type1/public/amsfonts/cm/cmmi12.pfb><C:/Program Files/MiKTeX 2.9/fonts/type1/
public/amsfonts/cm/cmmi8.pfb><C:/Program Files/MiKTeX 2.9/fonts/type1/public/am
sfonts/cm/cmmi9.pfb><C:/Program Files/MiKTeX 2.9/fonts/type1/public/amsfonts/cm
/cmr10.pfb><C:/Program Files/MiKTeX 2.9/fonts/type1/public/amsfonts/cm/cmr12.pf
b><C:/Program Files/MiKTeX 2.9/fonts/type1/public/amsfonts/cm/cmr17.pfb><C:/Pro
gram Files/MiKTeX 2.9/fonts/type1/public/amsfonts/cm/cmr6.pfb><C:/Program Files
/MiKTeX 2.9/fonts/type1/public/amsfonts/cm/cmr8.pfb><C:/Program Files/MiKTeX 2.
9/fonts/type1/public/amsfonts/cm/cmsy10.pfb><C:/Program Files/MiKTeX 2.9/fonts/
type1/public/amsfonts/cm/cmsy8.pfb><C:/Program Files/MiKTeX 2.9/fonts/type1/pub
lic/amsfonts/cm/cmsy9.pfb><C:/Program Files/MiKTeX 2.9/fonts/type1/public/amsfo
nts/cm/cmti12.pfb><C:/Program Files/MiKTeX 2.9/fonts/type1/public/amsfonts/cm/c
mtt12.pfb><C:/Program Files/MiKTeX 2.9/fonts/type1/public/amsfonts/symbols/msam
10.pfb><C:/Program Files/MiKTeX 2.9/fonts/type1/urw/courier/ucrr8a.pfb>
Output written on Report.pdf (63 pages, 862727 bytes).
PDF statistics:
 307 PDF objects out of 1000 (max. 8388607)
 0 named destinations out of 1000 (max. 500000)
 71 words of extra memory for PDF output out of 10000 (max. 10000000)

